0 info it worked if it ends with ok
1 verbose cli [ '/usr/local/bin/node', '/usr/local/bin/npm', 'run', 'push' ]
2 info using npm@4.1.2
3 info using node@v6.8.0
4 verbose run-script [ 'prepush', 'push', 'postpush' ]
5 info lifecycle mobx-models@0.3.4~prepush: mobx-models@0.3.4
6 silly lifecycle mobx-models@0.3.4~prepush: no script for prepush, continuing
7 info lifecycle mobx-models@0.3.4~push: mobx-models@0.3.4
8 verbose lifecycle mobx-models@0.3.4~push: unsafe-perm in lifecycle true
9 verbose lifecycle mobx-models@0.3.4~push: PATH: /usr/local/lib/node_modules/npm/bin/node-gyp-bin:/Users/mackenziehiga/Mackenzie/MuseFind/mobx-models/node_modules/.bin:/usr/local/opt/openssl/bin:/Users/mackenziehiga/.rvm/gems/ruby-2.4.0/bin:/Users/mackenziehiga/.rvm/gems/ruby-2.4.0@global/bin:/Users/mackenziehiga/.rvm/rubies/ruby-2.4.0/bin:/Library/Frameworks/Python.framework/Versions/2.7/bin:/Library/Frameworks/Python.framework/Versions/2.7/bin:/Library/Frameworks/Python.framework/Versions/3.5/bin://anaconda/bin:/Library/Frameworks/Python.framework/Versions/3.4/bin:/Library/Frameworks/Python.framework/Versions/2.7/bin:/Library/Frameworks/Python.framework/Versions/2.7/bin:/Library/Frameworks/Python.framework/Versions/2.7/bin:/usr/local/bin:/usr/bin:/bin:/usr/sbin:/sbin:/opt/X11/bin:/usr/local/Cellar/openssl/1.0.2j/bin/openssl:/Users/mackenziehiga/.rvm/bin
10 verbose lifecycle mobx-models@0.3.4~push: CWD: /Users/mackenziehiga/Mackenzie/MuseFind/mobx-models
11 silly lifecycle mobx-models@0.3.4~push: Args: [ '-c',
11 silly lifecycle   'npm run docs && npm run build && cd build && npm publish' ]
12 silly lifecycle mobx-models@0.3.4~push: Returned: code: 1  signal: null
13 info lifecycle mobx-models@0.3.4~push: Failed to exec push script
14 verbose stack Error: mobx-models@0.3.4 push: `npm run docs && npm run build && cd build && npm publish`
14 verbose stack Exit status 1
14 verbose stack     at EventEmitter.<anonymous> (/usr/local/lib/node_modules/npm/lib/utils/lifecycle.js:279:16)
14 verbose stack     at emitTwo (events.js:106:13)
14 verbose stack     at EventEmitter.emit (events.js:191:7)
14 verbose stack     at ChildProcess.<anonymous> (/usr/local/lib/node_modules/npm/lib/utils/spawn.js:40:14)
14 verbose stack     at emitTwo (events.js:106:13)
14 verbose stack     at ChildProcess.emit (events.js:191:7)
14 verbose stack     at maybeClose (internal/child_process.js:877:16)
14 verbose stack     at Process.ChildProcess._handle.onexit (internal/child_process.js:226:5)
15 verbose pkgid mobx-models@0.3.4
16 verbose cwd /Users/mackenziehiga/Mackenzie/MuseFind/mobx-models
17 error Darwin 16.0.0
18 error argv "/usr/local/bin/node" "/usr/local/bin/npm" "run" "push"
19 error node v6.8.0
20 error npm  v4.1.2
21 error code ELIFECYCLE
22 error mobx-models@0.3.4 push: `npm run docs && npm run build && cd build && npm publish`
22 error Exit status 1
23 error Failed at the mobx-models@0.3.4 push script 'npm run docs && npm run build && cd build && npm publish'.
23 error Make sure you have the latest version of node.js and npm installed.
23 error If you do, this is most likely a problem with the mobx-models package,
23 error not with npm itself.
23 error Tell the author that this fails on your system:
23 error     npm run docs && npm run build && cd build && npm publish
23 error You can get information on how to open an issue for this project with:
23 error     npm bugs mobx-models
23 error Or if that isn't available, you can get their info via:
23 error     npm owner ls mobx-models
23 error There is likely additional logging output above.
24 verbose exit [ 1, true ]
